<?xml version="1.0" encoding="ISO-8859-2" ?>
<persons>
    <person>
        <name>Jan</name>
        <surname>Kowal</surname>
        <age>30</age>
        <city>Warszawa</city>
        <contacts>
            <phone>999999999</phone>
            <phone>888 888 888</phone>
            <email>jankowal@gmail.com</email>
            <email>kowal@gmail.com</email>
        </contacts>
    </person>
    <person>
        <name>Kamil</name>
        <surname>Nowicki</surname>
        <city>Kraków</city>
        <contacts>
            <phone>777666999</phone>
            <email>kamil.nowicki@gmail.com</email>
            <icq>3344</icq>
            <jabber>nowickijbr</jabber>
        </contacts>
    </person>
    <person>
        <name>Jan</name>
        <surname>Kowal</surname>
        <age>30</age>
        <city>Warszawa</city>
        <contacts>
            <phone>999999999</phone>
            <phone>888 888 888</phone>
            <email>jankowal@gmail.com</email>
            <email>kowal@gmail.com</email>
        </contacts>
    </person>
    <person>
        <name>Kamil</name>
        <surname>Nowicki</surname>
        <city>Kraków</city>
        <contacts>
            <phone>777666999</phone>
            <email>kamil.nowicki@gmail.com</email>
            <icq>3344</icq>
            <jabber>nowickijbr</jabber>
        </contacts>
    </person>
    <person>
        <name>Jan</name>
        <surname>Kowal</surname>
        <age>30</age>
        <city>Warszawa</city>
        <contacts>
            <phone>999999999</phone>
            <phone>888 888 888</phone>
            <email>jankowal@gmail.com</email>
            <email>kowal@gmail.com</email>
        </contacts>
    </person>
    <person>
        <name>Kamil</name>
        <surname>Nowicki</surname>
        <city>Kraków</city>
        <contacts>
            <phone>777666999</phone>
            <email>kamil.nowicki@gmail.com</email>
            <icq>3344</icq>
            <jabber>nowickijbr</jabber>
        </contacts>
    </person>
    <person>
        <name>Jan</name>
        <surname>Kowal</surname>
        <age>30</age>
        <city>Warszawa</city>
        <contacts>
            <phone>999999999</phone>
            <phone>888 888 888</phone>
            <email>jankowal@gmail.com</email>
            <email>kowal@gmail.com</email>
        </contacts>
    </person>
    <person>
        <name>Kamil</name>
        <surname>Nowicki</surname>
        <city>Kraków</city>
        <contacts>
            <phone>777666999</phone>
            <email>kamil.nowicki@gmail.com</email>
            <icq>3344</icq>
            <jabber>nowickijbr</jabber>
        </contacts>
    </person>
    <person>
        <name>Jan</name>
        <surname>Kowal</surname>
        <age>30</age>
        <city>Warszawa</city>
        <contacts>
            <phone>999999999</phone>
            <phone>888 888 888</phone>
            <email>jankowal@gmail.com</email>
            <email>kowal@gmail.com</email>
        </contacts>
    </person>
    <person>
        <name>Kamil</name>
        <surname>Nowicki</surname>
        <city>Kraków</city>
        <contacts>
            <phone>777666999</phone>
            <email>kamil.nowicki@gmail.com</email>
            <icq>3344</icq>
            <jabber>nowickijbr</jabber>
        </contacts>
    </person>
    <person>
        <name>Jan</name>
        <surname>Kowal</surname>
        <age>30</age>
        <city>Warszawa</city>
        <contacts>
            <phone>999999999</phone>
            <phone>888 888 888</phone>
            <email>jankowal@gmail.com</email>
            <email>kowal@gmail.com</email>
        </contacts>
    </person>
    <person>
        <name>Kamil</name>
        <surname>Nowicki</surname>
        <city>Kraków</city>
        <contacts>
            <phone>777666999</phone>
            <email>kamil.nowicki@gmail.com</email>
            <icq>3344</icq>
            <jabber>nowickijbr</jabber>
        </contacts>
    </person>
    <person>
        <name>Jan</name>
        <surname>Kowal</surname>
        <age>30</age>
        <city>Warszawa</city>
        <contacts>
            <phone>999999999</phone>
            <phone>888 888 888</phone>
            <email>jankowal@gmail.com</email>
            <email>kowal@gmail.com</email>
        </contacts>
    </person>
    <person>
        <name>Kamil</name>
        <surname>Nowicki</surname>
        <city>Kraków</city>
        <contacts>
            <phone>777666999</phone>
            <email>kamil.nowicki@gmail.com</email>
            <icq>3344</icq>
            <jabber>nowickijbr</jabber>
        </contacts>
    </person>
    <person>
        <name>Jan</name>
        <surname>Kowal</surname>
        <age>30</age>
        <city>Warszawa</city>
        <contacts>
            <phone>999999999</phone>
            <phone>888 888 888</phone>
            <email>jankowal@gmail.com</email>
            <email>kowal@gmail.com</email>
        </contacts>
    </person>
    <person>
        <name>Kamil</name>
        <surname>Nowicki</surname>
        <city>Kraków</city>
        <contacts>
            <phone>777666999</phone>
            <email>kamil.nowicki@gmail.com</email>
            <icq>3344</icq>
            <jabber>nowickijbr</jabber>
        </contacts>
    </person>
    <person>
        <name>Jan</name>
        <surname>Kowal</surname>
        <age>30</age>
        <city>Warszawa</city>
        <contacts>
            <phone>999999999</phone>
            <phone>888 888 888</phone>
            <email>jankowal@gmail.com</email>
            <email>kowal@gmail.com</email>
        </contacts>
    </person>
    <person>
        <name>Kamil</name>
        <surname>Nowicki</surname>
        <city>Kraków</city>
        <contacts>
            <phone>777666999</phone>
            <email>kamil.nowicki@gmail.com</email>
            <icq>3344</icq>
            <jabber>nowickijbr</jabber>
        </contacts>
    </person>
    <person>
        <name>Jan</name>
        <surname>Kowal</surname>
        <age>30</age>
        <city>Warszawa</city>
        <contacts>
            <phone>999999999</phone>
            <phone>888 888 888</phone>
            <email>jankowal@gmail.com</email>
            <email>kowal@gmail.com</email>
        </contacts>
    </person>
    <person>
        <name>Kamil</name>
        <surname>Nowicki</surname>
        <city>Kraków</city>
        <contacts>
            <phone>777666999</phone>
            <email>kamil.nowicki@gmail.com</email>
            <icq>3344</icq>
            <jabber>nowickijbr</jabber>
        </contacts>
    </person>
    <person>
        <name>Jan</name>
        <surname>Kowal</surname>
        <age>30</age>
        <city>Warszawa</city>
        <contacts>
            <phone>999999999</phone>
            <phone>888 888 888</phone>
            <email>jankowal@gmail.com</email>
            <email>kowal@gmail.com</email>
        </contacts>
    </person>
    <person>
        <name>Kamil</name>
        <surname>Nowicki</surname>
        <city>Kraków</city>
        <contacts>
            <phone>777666999</phone>
            <email>kamil.nowicki@gmail.com</email>
            <icq>3344</icq>
            <jabber>nowickijbr</jabber>
        </contacts>
    </person>
    <person>
        <name>Jan</name>
        <surname>Kowal</surname>
        <age>30</age>
        <city>Warszawa</city>
        <contacts>
            <phone>999999999</phone>
            <phone>888 888 888</phone>
            <email>jankowal@gmail.com</email>
            <email>kowal@gmail.com</email>
        </contacts>
    </person>
    <person>
        <name>Kamil</name>
        <surname>Nowicki</surname>
        <city>Kraków</city>
        <contacts>
            <phone>777666999</phone>
            <email>kamil.nowicki@gmail.com</email>
            <icq>3344</icq>
            <jabber>nowickijbr</jabber>
        </contacts>
    </person>
    <person>
        <name>Jan</name>
        <surname>Kowal</surname>
        <age>30</age>
        <city>Warszawa</city>
        <contacts>
            <phone>999999999</phone>
            <phone>888 888 888</phone>
            <email>jankowal@gmail.com</email>
            <email>kowal@gmail.com</email>
        </contacts>
    </person>
</persons>